[debug] [2026-01-23T13:29:59.855Z] > command requires scopes: ["email","openid","https://www.googleapis.com/auth/cloudplatformprojects.readonly","https://www.googleapis.com/auth/firebase","https://www.googleapis.com/auth/cloud-platform"]
[debug] [2026-01-23T13:29:59.857Z] > authorizing via signed-in user (team@ureca.im)
[debug] [2026-01-23T13:29:59.858Z] > command requires scopes: ["email","openid","https://www.googleapis.com/auth/cloudplatformprojects.readonly","https://www.googleapis.com/auth/firebase","https://www.googleapis.com/auth/cloud-platform"]
[debug] [2026-01-23T13:29:59.858Z] > authorizing via signed-in user (team@ureca.im)
[debug] [2026-01-23T13:29:59.858Z] Checked if tokens are valid: false, expires at: 1768393523024
[debug] [2026-01-23T13:29:59.858Z] Checked if tokens are valid: false, expires at: 1768393523024
[debug] [2026-01-23T13:29:59.859Z] > refreshing access token with scopes: []
[debug] [2026-01-23T13:29:59.860Z] >>> [apiv2][query] POST https://www.googleapis.com/oauth2/v3/token [none]
[debug] [2026-01-23T13:29:59.860Z] >>> [apiv2][body] POST https://www.googleapis.com/oauth2/v3/token [omitted]
[debug] [2026-01-23T13:29:59.860Z] Checked if tokens are valid: false, expires at: 1768393523024
[debug] [2026-01-23T13:29:59.861Z] Checked if tokens are valid: false, expires at: 1768393523024
[debug] [2026-01-23T13:29:59.861Z] > refreshing access token with scopes: []
[debug] [2026-01-23T13:29:59.861Z] >>> [apiv2][query] POST https://www.googleapis.com/oauth2/v3/token [none]
[debug] [2026-01-23T13:29:59.861Z] >>> [apiv2][body] POST https://www.googleapis.com/oauth2/v3/token [omitted]
[debug] [2026-01-23T13:29:59.861Z] > command requires scopes: ["email","openid","https://www.googleapis.com/auth/cloudplatformprojects.readonly","https://www.googleapis.com/auth/firebase","https://www.googleapis.com/auth/cloud-platform"]
[debug] [2026-01-23T13:29:59.861Z] > authorizing via signed-in user (team@ureca.im)
[debug] [2026-01-23T13:29:59.861Z] Checked if tokens are valid: false, expires at: 1768393523024
[debug] [2026-01-23T13:29:59.861Z] Checked if tokens are valid: false, expires at: 1768393523024
[debug] [2026-01-23T13:29:59.861Z] > refreshing access token with scopes: []
[debug] [2026-01-23T13:29:59.861Z] >>> [apiv2][query] POST https://www.googleapis.com/oauth2/v3/token [none]
[debug] [2026-01-23T13:29:59.861Z] >>> [apiv2][body] POST https://www.googleapis.com/oauth2/v3/token [omitted]
[debug] [2026-01-23T13:30:00.043Z] <<< [apiv2][status] POST https://www.googleapis.com/oauth2/v3/token 400
[debug] [2026-01-23T13:30:00.043Z] <<< [apiv2][body] POST https://www.googleapis.com/oauth2/v3/token [omitted]
[error] Authentication Error: Your credentials are no longer valid. Please run firebase login --reauth

For CI servers and headless environments, generate a new token with firebase login:ci
[error] Authentication Error: Your credentials are no longer valid. Please run firebase login --reauth

For CI servers and headless environments, generate a new token with firebase login:ci
[debug] [2026-01-23T13:30:00.047Z] <<< [apiv2][status] POST https://www.googleapis.com/oauth2/v3/token 400
[debug] [2026-01-23T13:30:00.047Z] <<< [apiv2][body] POST https://www.googleapis.com/oauth2/v3/token [omitted]
[error] Authentication Error: Your credentials are no longer valid. Please run firebase login --reauth

For CI servers and headless environments, generate a new token with firebase login:ci
[error] Authentication Error: Your credentials are no longer valid. Please run firebase login --reauth

For CI servers and headless environments, generate a new token with firebase login:ci
[debug] [2026-01-23T13:30:00.078Z] <<< [apiv2][status] POST https://www.googleapis.com/oauth2/v3/token 400
[debug] [2026-01-23T13:30:15.211Z] > command requires scopes: ["email","openid","https://www.googleapis.com/auth/cloudplatformprojects.readonly","https://www.googleapis.com/auth/firebase","https://www.googleapis.com/auth/cloud-platform"]
[debug] [2026-01-23T13:30:15.213Z] > authorizing via signed-in user (team@ureca.im)
[debug] [2026-01-23T13:30:15.213Z] > command requires scopes: ["email","openid","https://www.googleapis.com/auth/cloudplatformprojects.readonly","https://www.googleapis.com/auth/firebase","https://www.googleapis.com/auth/cloud-platform"]
[debug] [2026-01-23T13:30:15.213Z] > authorizing via signed-in user (team@ureca.im)
[debug] [2026-01-23T13:30:15.213Z] Checked if tokens are valid: false, expires at: 1768393523024
[debug] [2026-01-23T13:30:15.213Z] Checked if tokens are valid: false, expires at: 1768393523024
[debug] [2026-01-23T13:30:15.213Z] > refreshing access token with scopes: []
[debug] [2026-01-23T13:30:15.215Z] >>> [apiv2][query] POST https://www.googleapis.com/oauth2/v3/token [none]
[debug] [2026-01-23T13:30:15.215Z] >>> [apiv2][body] POST https://www.googleapis.com/oauth2/v3/token [omitted]
[debug] [2026-01-23T13:30:15.217Z] Checked if tokens are valid: false, expires at: 1768393523024
[debug] [2026-01-23T13:30:15.217Z] Checked if tokens are valid: false, expires at: 1768393523024
[debug] [2026-01-23T13:30:15.217Z] > refreshing access token with scopes: []
[debug] [2026-01-23T13:30:15.217Z] >>> [apiv2][query] POST https://www.googleapis.com/oauth2/v3/token [none]
[debug] [2026-01-23T13:30:15.217Z] >>> [apiv2][body] POST https://www.googleapis.com/oauth2/v3/token [omitted]
[debug] [2026-01-23T13:30:15.218Z] > command requires scopes: ["email","openid","https://www.googleapis.com/auth/cloudplatformprojects.readonly","https://www.googleapis.com/auth/firebase","https://www.googleapis.com/auth/cloud-platform"]
[debug] [2026-01-23T13:30:15.219Z] > authorizing via signed-in user (team@ureca.im)
[debug] [2026-01-23T13:30:15.219Z] Checked if tokens are valid: false, expires at: 1768393523024
[debug] [2026-01-23T13:30:15.219Z] Checked if tokens are valid: false, expires at: 1768393523024
[debug] [2026-01-23T13:30:15.219Z] > refreshing access token with scopes: []
[debug] [2026-01-23T13:30:15.219Z] >>> [apiv2][query] POST https://www.googleapis.com/oauth2/v3/token [none]
[debug] [2026-01-23T13:30:15.219Z] >>> [apiv2][body] POST https://www.googleapis.com/oauth2/v3/token [omitted]
[debug] [2026-01-23T13:30:15.416Z] <<< [apiv2][status] POST https://www.googleapis.com/oauth2/v3/token 400
[debug] [2026-01-23T13:30:15.416Z] <<< [apiv2][body] POST https://www.googleapis.com/oauth2/v3/token [omitted]
[error] Authentication Error: Your credentials are no longer valid. Please run firebase login --reauth

For CI servers and headless environments, generate a new token with firebase login:ci
[error] Authentication Error: Your credentials are no longer valid. Please run firebase login --reauth

For CI servers and headless environments, generate a new token with firebase login:ci
[debug] [2026-01-23T13:30:15.420Z] <<< [apiv2][status] POST https://www.googleapis.com/oauth2/v3/token 400
[debug] [2026-01-23T13:56:15.383Z] > command requires scopes: ["email","openid","https://www.googleapis.com/auth/cloudplatformprojects.readonly","https://www.googleapis.com/auth/firebase","https://www.googleapis.com/auth/cloud-platform"]
[debug] [2026-01-23T13:56:15.385Z] > authorizing via signed-in user (team@ureca.im)
[debug] [2026-01-23T13:56:15.385Z] > command requires scopes: ["email","openid","https://www.googleapis.com/auth/cloudplatformprojects.readonly","https://www.googleapis.com/auth/firebase","https://www.googleapis.com/auth/cloud-platform"]
[debug] [2026-01-23T13:56:15.385Z] > authorizing via signed-in user (team@ureca.im)
[debug] [2026-01-23T13:56:15.385Z] Checked if tokens are valid: false, expires at: 1768393523024
[debug] [2026-01-23T13:56:15.385Z] Checked if tokens are valid: false, expires at: 1768393523024
[debug] [2026-01-23T13:56:15.385Z] > refreshing access token with scopes: []
[debug] [2026-01-23T13:56:15.386Z] >>> [apiv2][query] POST https://www.googleapis.com/oauth2/v3/token [none]
[debug] [2026-01-23T13:56:15.386Z] >>> [apiv2][body] POST https://www.googleapis.com/oauth2/v3/token [omitted]
[debug] [2026-01-23T13:56:15.387Z] Checked if tokens are valid: false, expires at: 1768393523024
[debug] [2026-01-23T13:56:15.387Z] Checked if tokens are valid: false, expires at: 1768393523024
[debug] [2026-01-23T13:56:15.387Z] > refreshing access token with scopes: []
[debug] [2026-01-23T13:56:15.387Z] >>> [apiv2][query] POST https://www.googleapis.com/oauth2/v3/token [none]
[debug] [2026-01-23T13:56:15.387Z] >>> [apiv2][body] POST https://www.googleapis.com/oauth2/v3/token [omitted]
[debug] [2026-01-23T13:56:15.387Z] > command requires scopes: ["email","openid","https://www.googleapis.com/auth/cloudplatformprojects.readonly","https://www.googleapis.com/auth/firebase","https://www.googleapis.com/auth/cloud-platform"]
[debug] [2026-01-23T13:56:15.387Z] > authorizing via signed-in user (team@ureca.im)
[debug] [2026-01-23T13:56:15.387Z] Checked if tokens are valid: false, expires at: 1768393523024
[debug] [2026-01-23T13:56:15.387Z] Checked if tokens are valid: false, expires at: 1768393523024
[debug] [2026-01-23T13:56:15.387Z] > refreshing access token with scopes: []
[debug] [2026-01-23T13:56:15.387Z] >>> [apiv2][query] POST https://www.googleapis.com/oauth2/v3/token [none]
[debug] [2026-01-23T13:56:15.387Z] >>> [apiv2][body] POST https://www.googleapis.com/oauth2/v3/token [omitted]
[debug] [2026-01-23T13:56:15.612Z] <<< [apiv2][status] POST https://www.googleapis.com/oauth2/v3/token 400
[debug] [2026-01-23T14:03:20.658Z] > command requires scopes: ["email","openid","https://www.googleapis.com/auth/cloudplatformprojects.readonly","https://www.googleapis.com/auth/firebase","https://www.googleapis.com/auth/cloud-platform"]
[debug] [2026-01-23T14:03:20.660Z] > authorizing via signed-in user (team@ureca.im)
[debug] [2026-01-23T14:03:20.660Z] > command requires scopes: ["email","openid","https://www.googleapis.com/auth/cloudplatformprojects.readonly","https://www.googleapis.com/auth/firebase","https://www.googleapis.com/auth/cloud-platform"]
[debug] [2026-01-23T14:03:20.660Z] > authorizing via signed-in user (team@ureca.im)
[debug] [2026-01-23T14:03:20.660Z] Checked if tokens are valid: false, expires at: 1768393523024
[debug] [2026-01-23T14:03:20.660Z] Checked if tokens are valid: false, expires at: 1768393523024
[debug] [2026-01-23T14:03:20.660Z] > refreshing access token with scopes: []
[debug] [2026-01-23T14:03:20.661Z] >>> [apiv2][query] POST https://www.googleapis.com/oauth2/v3/token [none]
[debug] [2026-01-23T14:03:20.661Z] >>> [apiv2][body] POST https://www.googleapis.com/oauth2/v3/token [omitted]
[debug] [2026-01-23T14:03:20.662Z] Checked if tokens are valid: false, expires at: 1768393523024
[debug] [2026-01-23T14:03:20.662Z] Checked if tokens are valid: false, expires at: 1768393523024
[debug] [2026-01-23T14:03:20.662Z] > refreshing access token with scopes: []
[debug] [2026-01-23T14:03:20.662Z] >>> [apiv2][query] POST https://www.googleapis.com/oauth2/v3/token [none]
[debug] [2026-01-23T14:03:20.662Z] >>> [apiv2][body] POST https://www.googleapis.com/oauth2/v3/token [omitted]
[debug] [2026-01-23T14:03:20.663Z] > command requires scopes: ["email","openid","https://www.googleapis.com/auth/cloudplatformprojects.readonly","https://www.googleapis.com/auth/firebase","https://www.googleapis.com/auth/cloud-platform"]
[debug] [2026-01-23T14:03:20.663Z] > authorizing via signed-in user (team@ureca.im)
[debug] [2026-01-23T14:03:20.663Z] Checked if tokens are valid: false, expires at: 1768393523024
[debug] [2026-01-23T14:03:20.663Z] Checked if tokens are valid: false, expires at: 1768393523024
[debug] [2026-01-23T14:03:20.663Z] > refreshing access token with scopes: []
[debug] [2026-01-23T14:03:20.663Z] >>> [apiv2][query] POST https://www.googleapis.com/oauth2/v3/token [none]
[debug] [2026-01-23T14:03:20.663Z] >>> [apiv2][body] POST https://www.googleapis.com/oauth2/v3/token [omitted]
[debug] [2026-01-23T14:03:20.844Z] <<< [apiv2][status] POST https://www.googleapis.com/oauth2/v3/token 400
[debug] [2026-01-23T14:03:20.844Z] <<< [apiv2][body] POST https://www.googleapis.com/oauth2/v3/token [omitted]
[error] Authentication Error: Your credentials are no longer valid. Please run firebase login --reauth

For CI servers and headless environments, generate a new token with firebase login:ci
[error] Authentication Error: Your credentials are no longer valid. Please run firebase login --reauth

For CI servers and headless environments, generate a new token with firebase login:ci
[debug] [2026-01-23T14:03:20.849Z] <<< [apiv2][status] POST https://www.googleapis.com/oauth2/v3/token 400
[debug] [2026-01-23T14:03:20.849Z] <<< [apiv2][body] POST https://www.googleapis.com/oauth2/v3/token [omitted]
[error] Authentication Error: Your credentials are no longer valid. Please run firebase login --reauth

For CI servers and headless environments, generate a new token with firebase login:ci
[error] Authentication Error: Your credentials are no longer valid. Please run firebase login --reauth

For CI servers and headless environments, generate a new token with firebase login:ci
[debug] [2026-01-23T14:03:20.862Z] <<< [apiv2][status] POST https://www.googleapis.com/oauth2/v3/token 400
